2022-06-10 11:19:10.766 +0000 UTC,username,mouseout,A,,app-home,http://localhost:5000/,467,50,1717,944,
2022-06-10 11:19:10.801 +0000 UTC,username,mouseout,NAV,,,http://localhost:5000/,485,56,1717,944,
2022-06-10 11:19:11.085 +0000 UTC,username,mouseout,HTML,,,http://localhost:5000/,506,80,1717,944,
2022-06-10 11:19:11.308 +0000 UTC,username,mouseout,DIV,,,http://localhost:5000/,271,736,1717,944,
2022-06-10 11:19:11.385 +0000 UTC,username,mouseout,BODY,,,http://localhost:5000/,168,886,1717,944,
2022-06-10 11:19:11.478 +0000 UTC,username,mouseout,HTML,,,http://localhost:5000/,157,946,1717,944,
2022-06-10 11:19:12.33 +0000 UTC,username,mouseout,HTML,,,http://localhost:5000/,404,844,1717,944,
2022-06-10 11:19:13.927 +0000 UTC,username,mouseout,DIV,,,http://localhost:5000/,914,61,1717,944,
2022-06-10 11:19:13.942 +0000 UTC,username,mouseout,HTML,,,http://localhost:5000/,942,31,1717,944,
2022-06-10 11:19:13.962 +0000 UTC,username,mouseout,INPUT,query,search-box,http://localhost:5000/,976,-3,1717,944,
2022-06-10 11:19:14.31 +0000 UTC,username,mouseout,NAV,,,http://localhost:5000/,984,10,1717,944,
2022-06-10 11:19:14.559 +0000 UTC,username,mousedown,INPUT,query,search-box,http://localhost:5000/,992,23,1717,944,
2022-06-10 11:19:14.692 +0000 UTC,username,mouseup,INPUT,query,search-box,http://localhost:5000/,992,23,1717,944,
2022-06-10 11:19:14.699 +0000 UTC,username,click,INPUT,query,search-box,http://localhost:5000/,992,23,1717,944,
2022-06-10 11:19:14.964 +0000 UTC,username,keydown,INPUT,query,search-box,http://localhost:5000/,0,0,1717,944,KeyC
2022-06-10 11:19:15.068 +0000 UTC,username,keyup,INPUT,query,search-box,http://localhost:5000/,0,0,1717,944,KeyC
2022-06-10 11:19:15.188 +0000 UTC,username,mouseout,INPUT,query,search-box,http://localhost:5000/,60,-112,1717,944,
2022-06-10 11:19:15.828 +0000 UTC,username,mouseout,HTML,,,http://localhost:5000/,1080,51,1717,944,
2022-06-10 11:19:15.836 +0000 UTC,username,mouseout,NAV,,,http://localhost:5000/,1134,40,1717,944,
2022-06-10 11:19:15.863 +0000 UTC,username,mouseout,INPUT,query,search-box,http://localhost:5000/,1185,31,1717,944,
2022-06-10 11:19:16.425 +0000 UTC,username,mousedown,INPUT,rpp,rpp-box,http://localhost:5000/,1291,26,1717,944,
2022-06-10 11:19:16.543 +0000 UTC,username,mouseup,INPUT,rpp,rpp-box,http://localhost:5000/,1290,26,1717,944,
2022-06-10 11:19:16.545 +0000 UTC,username,click,INPUT,rpp,rpp-box,http://localhost:5000/,1290,26,1717,944,
2022-06-10 11:19:16.642 +0000 UTC,username,mouseout,INPUT,rpp,rpp-box,http://localhost:5000/,1319,8,1717,944,
2022-06-10 11:19:16.648 +0000 UTC,username,mouseout,DIV,,navbarToggle,http://localhost:5000/,1327,4,1717,944,
2022-06-10 11:19:16.851 +0000 UTC,username,mouseout,NAV,,,http://localhost:5000/,1332,8,1717,944,
2022-06-10 11:19:16.864 +0000 UTC,username,mouseout,DIV,,navbarToggle,http://localhost:5000/,1336,11,1717,944,
2022-06-10 11:19:16.87 +0000 UTC,username,keydown,INPUT,rpp,rpp-box,http://localhost:5000/,0,0,1717,944,Digit5
2022-06-10 11:19:16.882 +0000 UTC,username,mouseout,INPUT,rpp,rpp-box,http://localhost:5000/,1339,14,1717,944,
2022-06-10 11:19:16.981 +0000 UTC,username,keyup,INPUT,rpp,rpp-box,http://localhost:5000/,0,0,1717,944,Digit5
2022-06-10 11:19:17.461 +0000 UTC,username,mousedown,BUTTON,submit-box,submit-box,http://localhost:5000/,1363,18,1717,944,
2022-06-10 11:19:17.583 +0000 UTC,username,mouseup,BUTTON,submit-box,submit-box,http://localhost:5000/,1369,14,1717,944,
2022-06-10 11:19:17.591 +0000 UTC,username,click,BUTTON,submit-box,submit-box,http://localhost:5000/,1369,14,1717,944,
2022-06-10 11:19:17.591 +0000 UTC,username,submit,FORM,,search-bar,http://localhost:5000/,0,0,1717,944,
2022-06-10 11:19:20.378 +0000 UTC,username,mouseout,BUTTON,submit-box,submit-box,http://localhost:5000/result,1337,41,1717,944,
2022-06-10 11:19:20.457 +0000 UTC,username,mouseout,INPUT,rpp,rpp-box,http://localhost:5000/result,1304,47,1717,944,
2022-06-10 11:19:20.468 +0000 UTC,username,mouseout,DIV,,navbarToggle,http://localhost:5000/result,1296,49,1717,944,
2022-06-10 11:19:20.679 +0000 UTC,username,mouseout,NAV,,,http://localhost:5000/result,1224,56,1717,944,
2022-06-10 11:19:20.846 +0000 UTC,username,mouseout,HTML,,,http://localhost:5000/result,1092,85,1717,944,
2022-06-10 11:19:20.859 +0000 UTC,username,mouseout,DIV,,,http://localhost:5000/result,1052,95,1717,944,
2022-06-10 11:19:20.869 +0000 UTC,username,mouseout,DIV,,,http://localhost:5000/result,1010,105,1717,944,
2022-06-10 11:19:20.902 +0000 UTC,username,mouseout,P,,,http://localhost:5000/result,890,137,1717,944,
2022-06-10 11:19:20.947 +0000 UTC,username,mouseout,DIV,,,http://localhost:5000/result,789,167,1717,944,
2022-06-10 11:19:20.957 +0000 UTC,username,mouseout,ARTICLE,,result-1,http://localhost:5000/result,730,183,1717,944,
2022-06-10 11:19:21.038 +0000 UTC,username,mouseout,H2,,,http://localhost:5000/result,664,211,1717,944,
2022-06-10 11:19:21.071 +0000 UTC,username,mouseout,DIV,,,http://localhost:5000/result,655,222,1717,944,
2022-06-10 11:19:21.119 +0000 UTC,username,mouseout,SMALL,,,http://localhost:5000/result,647,239,1717,944,
2022-06-10 11:19:21.521 +0000 UTC,username,mouseout,P,,,http://localhost:5000/result,586,228,1717,944,
2022-06-10 11:19:21.533 +0000 UTC,username,mouseout,SMALL,,,http://localhost:5000/result,574,218,1717,944,
2022-06-10 11:19:21.561 +0000 UTC,username,mouseout,DIV,,,http://localhost:5000/result,561,209,1717,944,
2022-06-10 11:19:21.919 +0000 UTC,username,mousedown,A,,title-1_l,http://localhost:5000/result,558,207,1717,944,
2022-06-10 11:19:22.051 +0000 UTC,username,mouseup,A,,title-1_l,http://localhost:5000/result,558,207,1717,944,
2022-06-10 11:19:22.058 +0000 UTC,username,click,A,,title-1_l,http://localhost:5000/result,558,207,1717,944,
2022-06-10 11:19:22.404 +0000 UTC,username,mousedown,A,,title-1_l,http://localhost:5000/result#bka0u27w,558,207,1717,944,
2022-06-10 11:19:22.511 +0000 UTC,username,mouseup,A,,title-1_l,http://localhost:5000/result#bka0u27w,558,207,1717,944,
2022-06-10 11:19:22.513 +0000 UTC,username,click,A,,title-1_l,http://localhost:5000/result#bka0u27w,558,207,1717,944,
2022-06-10 11:19:22.613 +0000 UTC,username,mousedown,A,,title-1_l,http://localhost:5000/result#bka0u27w,558,207,1717,944,
2022-06-10 11:19:22.704 +0000 UTC,username,mouseup,A,,title-1_l,http://localhost:5000/result#bka0u27w,558,207,1717,944,
2022-06-10 11:19:22.704 +0000 UTC,username,click,A,,title-1_l,http://localhost:5000/result#bka0u27w,558,207,1717,944,
2022-06-10 11:19:22.706 +0000 UTC,username,dblclick,A,,title-1_l,http://localhost:5000/result#bka0u27w,558,207,1717,944,
2022-06-10 11:19:22.829 +0000 UTC,username,mouseout,A,,title-1_l,http://localhost:5000/result#bka0u27w,553,210,1717,944,
2022-06-10 11:19:22.843 +0000 UTC,username,mouseout,H2,,,http://localhost:5000/result#bka0u27w,551,212,1717,944,
2022-06-10 11:19:22.862 +0000 UTC,username,mouseout,DIV,,,http://localhost:5000/result#bka0u27w,539,220,1717,944,
2022-06-10 11:19:22.923 +0000 UTC,username,mouseout,SMALL,,,http://localhost:5000/result#bka0u27w,506,239,1717,944,
2022-06-10 11:19:23.805 +0000 UTC,username,mouseout,P,,,http://localhost:5000/result#bka0u27w,368,311,1717,944,
2022-06-10 11:19:24.041 +0000 UTC,username,mousedown,A,,inspect-1_l,http://localhost:5000/result#bka0u27w,367,312,1717,944,
2022-06-10 11:19:24.209 +0000 UTC,username,mouseup,A,,inspect-1_l,http://localhost:5000/result#bka0u27w,367,312,1717,944,
2022-06-10 11:19:24.212 +0000 UTC,username,click,A,,inspect-1_l,http://localhost:5000/result#bka0u27w,367,312,1717,944,
2022-06-10 11:19:24.559 +0000 UTC,username,mouseout,A,,inspect-1_l,http://localhost:5000/result#,417,312,1717,944,
2022-06-10 11:19:24.581 +0000 UTC,username,mouseout,P,,,http://localhost:5000/result#,438,312,1717,944,
2022-06-10 11:19:24.829 +0000 UTC,username,mousedown,A,,bookmark-1_l,http://localhost:5000/result#,463,312,1717,944,
2022-06-10 11:19:24.978 +0000 UTC,username,mouseup,A,,bookmark-1_l,http://localhost:5000/result#,463,312,1717,944,
2022-06-10 11:19:24.98 +0000 UTC,username,click,A,,bookmark-1_l,http://localhost:5000/result#,463,312,1717,944,
2022-06-10 11:19:25.124 +0000 UTC,username,mousedown,A,,bookmark-1_l,http://localhost:5000/result#,463,312,1717,944,
2022-06-10 11:19:25.245 +0000 UTC,username,mouseup,A,,bookmark-1_l,http://localhost:5000/result#,463,312,1717,944,
2022-06-10 11:19:25.247 +0000 UTC,username,click,A,,bookmark-1_l,http://localhost:5000/result#,463,312,1717,944,
2022-06-10 11:19:25.248 +0000 UTC,username,dblclick,A,,bookmark-1_l,http://localhost:5000/result#,463,312,1717,944,
2022-06-10 11:19:25.483 +0000 UTC,username,mouseout,A,,bookmark-1_l,http://localhost:5000/result#,471,309,1717,944,
2022-06-10 11:19:26.072 +0000 UTC,username,mouseout,P,,,http://localhost:5000/result#,855,335,1717,944,
2022-06-10 11:19:26.211 +0000 UTC,username,mouseout,DIV,,,http://localhost:5000/result#,850,350,1717,944,
2022-06-10 11:19:26.27 +0000 UTC,username,mouseout,DIV,,metadata-1_l,http://localhost:5000/result#,848,349,1717,944,
2022-06-10 11:19:26.313 +0000 UTC,username,mouseout,DIV,,,http://localhost:5000/result#,848,350,1717,944,
2022-06-10 11:19:26.371 +0000 UTC,username,mouseout,DIV,,metadata-1_l,http://localhost:5000/result#,848,351,1717,944,
2022-06-10 11:19:26.899 +0000 UTC,username,mousedown,A,,author-1_l,http://localhost:5000/result#,848,354,1717,944,
2022-06-10 11:19:27.067 +0000 UTC,username,mouseup,A,,author-1_l,http://localhost:5000/result#,848,354,1717,944,
2022-06-10 11:19:27.069 +0000 UTC,username,click,A,,author-1_l,http://localhost:5000/result#,848,354,1717,944,
2022-06-10 11:19:27.483 +0000 UTC,username,mouseout,A,,author-1_l,http://localhost:5000/result#,727,407,1717,944,
2022-06-10 11:19:27.498 +0000 UTC,username,mouseout,ARTICLE,,result-1,http://localhost:5000/result#,597,461,1717,944,
2022-06-10 11:19:27.506 +0000 UTC,username,mouseout,H2,,,http://localhost:5000/result#,441,533,1717,944,
2022-06-10 11:19:27.519 +0000 UTC,username,mouseout,P,,,http://localhost:5000/result#,281,609,1717,944,
2022-06-10 11:19:27.54 +0000 UTC,username,mouseout,BODY,,,http://localhost:5000/result#,-21,755,1717,944,
2022-06-10 11:19:33.439 +0000 UTC,username,mouseout,BODY,,,http://localhost:5000/result#,321,552,1717,944,
2022-06-10 11:19:33.447 +0000 UTC,username,mouseout,ARTICLE,,result-2,http://localhost:5000/result#,343,582,1717,944,
2022-06-10 11:19:33.453 +0000 UTC,username,mouseout,A,,inspect-2_l,http://localhost:5000/result#,362,635,1717,944,
2022-06-10 11:19:33.502 +0000 UTC,username,mouseout,A,,tag1-2_l,http://localhost:5000/result#,361,654,1717,944,
2022-06-10 11:19:33.658 +0000 UTC,username,mouseout,DIV,,,http://localhost:5000/result#,349,669,1717,944,
2022-06-10 11:19:33.829 +0000 UTC,username,mouseout,ARTICLE,,result-2,http://localhost:5000/result#,351,666,1717,944,
2022-06-10 11:19:33.858 +0000 UTC,username,mouseout,DIV,,,http://localhost:5000/result#,366,647,1717,944,
2022-06-10 11:19:33.929 +0000 UTC,username,mouseout,A,,tag1-2_l,http://localhost:5000/result#,375,620,1717,944,
2022-06-10 11:19:34.072 +0000 UTC,username,mouseout,DIV,,,http://localhost:5000/result#,383,548,1717,944,
2022-06-10 11:19:34.087 +0000 UTC,username,mouseout,P,,,http://localhost:5000/result#,387,526,1717,944,
2022-06-10 11:19:34.099 +0000 UTC,username,mouseout,B,,,http://localhost:5000/result#,389,508,1717,944,
2022-06-10 11:19:34.11 +0000 UTC,username,mouseout,P,,,http://localhost:5000/result#,392,484,1717,944,
2022-06-10 11:19:34.121 +0000 UTC,username,mouseout,DIV,,,http://localhost:5000/result#,396,455,1717,944,
2022-06-10 11:19:34.133 +0000 UTC,username,mouseout,A,,title-2_l,http://localhost:5000/result#,400,423,1717,944,
2022-06-10 11:19:34.143 +0000 UTC,username,mouseout,DIV,,,http://localhost:5000/result#,406,387,1717,944,
2022-06-10 11:19:34.323 +0000 UTC,username,mouseout,DIV,,,http://localhost:5000/result#,423,353,1717,944,
2022-06-10 11:19:34.391 +0000 UTC,username,mouseout,A,,tag2-1_l,http://localhost:5000/result#,424,386,1717,944,
2022-06-10 11:19:34.414 +0000 UTC,username,mouseout,DIV,,,http://localhost:5000/result#,425,401,1717,944,
2022-06-10 11:19:34.447 +0000 UTC,username,mouseout,ARTICLE,,result-1,http://localhost:5000/result#,425,411,1717,944,
2022-06-10 11:19:34.481 +0000 UTC,username,mouseout,DIV,,,http://localhost:5000/result#,423,433,1717,944,
2022-06-10 11:19:34.504 +0000 UTC,username,mouseout,ARTICLE,,result-2,http://localhost:5000/result#,423,445,1717,944,
2022-06-10 11:19:34.803 +0000 UTC,username,mousedown,A,,title-2_l,http://localhost:5000/result#,422,455,1717,944,
2022-06-10 11:19:34.902 +0000 UTC,username,mouseup,A,,title-2_l,http://localhost:5000/result#,422,455,1717,944,
2022-06-10 11:19:34.905 +0000 UTC,username,click,A,,title-2_l,http://localhost:5000/result#,422,455,1717,944,
2022-06-10 11:19:35.01 +0000 UTC,username,mouseout,A,,title-2_l,http://localhost:5000/result#gzxu0r08,449,439,1717,944,
2022-06-10 11:19:35.026 +0000 UTC,username,mouseout,ARTICLE,,result-2,http://localhost:5000/result#gzxu0r08,466,427,1717,944,
2022-06-10 11:19:35.045 +0000 UTC,username,mouseout,DIV,,,http://localhost:5000/result#gzxu0r08,506,408,1717,944,
2022-06-10 11:19:35.089 +0000 UTC,username,mouseout,ARTICLE,,result-1,http://localhost:5000/result#gzxu0r08,546,390,1717,944,
2022-06-10 11:19:35.092 +0000 UTC,username,mouseout,SMALL,,type-1_l,http://localhost:5000/result#gzxu0r08,633,351,1717,944,
2022-06-10 11:19:35.111 +0000 UTC,username,mouseout,DIV,,metadata-1_l,http://localhost:5000/result#gzxu0r08,666,338,1717,944,
2022-06-10 11:19:35.124 +0000 UTC,username,mouseout,DIV,,,http://localhost:5000/result#gzxu0r08,697,322,1717,944,
2022-06-10 11:19:35.502 +0000 UTC,username,mouseout,P,,,http://localhost:5000/result#gzxu0r08,1039,283,1717,944,
2022-06-10 11:19:35.519 +0000 UTC,username,mouseout,DIV,,,http://localhost:5000/result#gzxu0r08,1054,283,1717,944,
2022-06-10 11:19:35.539 +0000 UTC,username,mouseout,DIV,,,http://localhost:5000/result#gzxu0r08,1066,281,1717,944,
2022-06-10 11:19:35.663 +0000 UTC,username,mouseout,DIV,,,http://localhost:5000/result#gzxu0r08,1085,275,1717,944,
2022-06-10 11:19:35.753 +0000 UTC,username,mousedown,INPUT,query,search-box-advanced,http://localhost:5000/result#gzxu0r08,1096,271,1717,944,
2022-06-10 11:19:35.842 +0000 UTC,username,mouseup,INPUT,query,search-box-advanced,http://localhost:5000/result#gzxu0r08,1096,271,1717,944,
2022-06-10 11:19:35.845 +0000 UTC,username,click,INPUT,query,search-box-advanced,http://localhost:5000/result#gzxu0r08,1096,271,1717,944,
2022-06-10 11:19:36.203 +0000 UTC,username,keydown,INPUT,query,search-box-advanced,http://localhost:5000/result#gzxu0r08,0,0,1717,944,KeyC
2022-06-10 11:19:36.313 +0000 UTC,username,keyup,INPUT,query,search-box-advanced,http://localhost:5000/result#gzxu0r08,0,0,1717,944,KeyC
2022-06-10 11:19:36.387 +0000 UTC,username,keydown,INPUT,query,search-box-advanced,http://localhost:5000/result#gzxu0r08,0,0,1717,944,KeyA
2022-06-10 11:19:36.504 +0000 UTC,username,keyup,INPUT,query,search-box-advanced,http://localhost:5000/result#gzxu0r08,0,0,1717,944,KeyA
2022-06-10 11:19:36.653 +0000 UTC,username,mouseout,INPUT,query,search-box-advanced,http://localhost:5000/result#gzxu0r08,43,-112,1717,944,
2022-06-10 11:19:38.07 +0000 UTC,username,mouseout,INPUT,rpp,rpp-box-advanced,http://localhost:5000/result#gzxu0r08,1164,307,1717,944,
2022-06-10 11:19:38.588 +0000 UTC,username,mouseout,INPUT,query,search-box-advanced,http://localhost:5000/result#gzxu0r08,1161,308,1717,944,
2022-06-10 11:19:38.729 +0000 UTC,username,keydown,INPUT,query,search-box-advanced,http://localhost:5000/result#gzxu0r08,0,0,1717,944,Space
2022-06-10 11:19:38.793 +0000 UTC,username,mouseout,INPUT,rpp,rpp-box-advanced,http://localhost:5000/result#gzxu0r08,79,-104,1717,944,
2022-06-10 11:19:38.879 +0000 UTC,username,keyup,INPUT,query,search-box-advanced,http://localhost:5000/result#gzxu0r08,0,0,1717,944,Space
2022-06-10 11:19:39.045 +0000 UTC,username,keydown,INPUT,query,search-box-advanced,http://localhost:5000/result#gzxu0r08,0,0,1717,944,KeyC
2022-06-10 11:19:39.153 +0000 UTC,username,keyup,INPUT,query,search-box-advanced,http://localhost:5000/result#gzxu0r08,0,0,1717,944,KeyC
2022-06-10 11:19:39.994 +0000 UTC,username,mouseout,FORM,,search-bar-advanced,http://localhost:5000/result#gzxu0r08,1158,345,1717,944,
2022-06-10 11:19:40.309 +0000 UTC,username,mousedown,INPUT,rpp,rpp-box-advanced,http://localhost:5000/result#gzxu0r08,1178,335,1717,944,
2022-06-10 11:19:40.425 +0000 UTC,username,mouseup,INPUT,rpp,rpp-box-advanced,http://localhost:5000/result#gzxu0r08,1178,335,1717,944,
2022-06-10 11:19:40.428 +0000 UTC,username,click,INPUT,rpp,rpp-box-advanced,http://localhost:5000/result#gzxu0r08,1178,335,1717,944,
2022-06-10 11:19:40.522 +0000 UTC,username,mouseout,INPUT,rpp,rpp-box-advanced,http://localhost:5000/result#gzxu0r08,1205,307,1717,944,
2022-06-10 11:19:40.843 +0000 UTC,username,keydown,INPUT,rpp,rpp-box-advanced,http://localhost:5000/result#gzxu0r08,0,0,1717,944,Digit5
2022-06-10 11:19:40.924 +0000 UTC,username,keyup,INPUT,rpp,rpp-box-advanced,http://localhost:5000/result#gzxu0r08,0,0,1717,944,Digit5
2022-06-10 11:19:41.085 +0000 UTC,username,mouseout,INPUT,query,search-box-advanced,http://localhost:5000/result#gzxu0r08,1208,314,1717,944,
2022-06-10 11:19:41.182 +0000 UTC,username,mouseout,INPUT,rpp,rpp-box-advanced,http://localhost:5000/result#gzxu0r08,1213,346,1717,944,
2022-06-10 11:19:41.749 +0000 UTC,username,mouseout,FORM,,search-bar-advanced,http://localhost:5000/result#gzxu0r08,1210,344,1717,944,
2022-06-10 11:19:42.666 +0000 UTC,username,keydown,INPUT,rpp,rpp-box-advanced,http://localhost:5000/result#gzxu0r08,0,0,1717,944,Backspace
2022-06-10 11:19:42.779 +0000 UTC,username,keyup,INPUT,rpp,rpp-box-advanced,http://localhost:5000/result#gzxu0r08,0,0,1717,944,Backspace
2022-06-10 11:19:42.942 +0000 UTC,username,keydown,INPUT,rpp,rpp-box-advanced,http://localhost:5000/result#gzxu0r08,0,0,1717,944,Digit8
2022-06-10 11:19:43.025 +0000 UTC,username,keyup,INPUT,rpp,rpp-box-advanced,http://localhost:5000/result#gzxu0r08,0,0,1717,944,Digit8
2022-06-10 11:19:43.773 +0000 UTC,username,mouseout,INPUT,rpp,rpp-box-advanced,http://localhost:5000/result#gzxu0r08,1200,351,1717,944,
2022-06-10 11:19:43.843 +0000 UTC,username,mouseout,FORM,,search-bar-advanced,http://localhost:5000/result#gzxu0r08,1185,373,1717,944,
2022-06-10 11:19:43.887 +0000 UTC,username,mouseout,H6,,,http://localhost:5000/result#gzxu0r08,1197,390,1717,944,
2022-06-10 11:19:43.891 +0000 UTC,username,mouseout,DIV,,searchbar-advanced-radio-id,http://localhost:5000/result#gzxu0r08,1209,411,1717,944,
2022-06-10 11:19:43.908 +0000 UTC,username,mouseout,INPUT,year-radio,radio-2020,http://localhost:5000/result#gzxu0r08,1212,417,1717,944,
2022-06-10 11:19:43.943 +0000 UTC,username,mouseout,DIV,,searchbar-advanced-radio-id,http://localhost:5000/result#gzxu0r08,1220,429,1717,944,
2022-06-10 11:19:44.164 +0000 UTC,username,mouseout,H6,,,http://localhost:5000/result#gzxu0r08,1221,428,1717,944,
2022-06-10 11:19:44.211 +0000 UTC,username,mouseout,DIV,,searchbar-advanced-radio-id,http://localhost:5000/result#gzxu0r08,1223,420,1717,944,
2022-06-10 11:19:44.539 +0000 UTC,username,mousedown,LABEL,,,http://localhost:5000/result#gzxu0r08,1223,413,1717,944,
2022-06-10 11:19:44.651 +0000 UTC,username,mouseup,LABEL,,,http://localhost:5000/result#gzxu0r08,1223,412,1717,944,
2022-06-10 11:19:44.653 +0000 UTC,username,click,LABEL,,,http://localhost:5000/result#gzxu0r08,1223,412,1717,944,
2022-06-10 11:19:44.656 +0000 UTC,username,click,INPUT,year-radio,radio-2020,http://localhost:5000/result#gzxu0r08,1223,412,1717,944,
2022-06-10 11:19:44.98 +0000 UTC,username,mouseout,LABEL,,,http://localhost:5000/result#gzxu0r08,1222,413,1717,944,
2022-06-10 11:19:45.045 +0000 UTC,username,mouseout,DIV,,searchbar-advanced-radio-id,http://localhost:5000/result#gzxu0r08,1208,432,1717,944,
2022-06-10 11:19:45.113 +0000 UTC,username,mouseout,H6,,,http://localhost:5000/result#gzxu0r08,1201,449,1717,944,
2022-06-10 11:19:45.12 +0000 UTC,username,mouseout,DIV,,searchbar-advanced-checkbox-id,http://localhost:5000/result#gzxu0r08,1193,460,1717,944,
2022-06-10 11:19:45.159 +0000 UTC,username,mouseout,LABEL,,,http://localhost:5000/result#gzxu0r08,1188,465,1717,944,
2022-06-10 11:19:45.26 +0000 UTC,username,mouseout,DIV,,searchbar-advanced-checkbox-id,http://localhost:5000/result#gzxu0r08,1185,467,1717,944,
2022-06-10 11:19:45.42 +0000 UTC,username,mousedown,INPUT,tag-checkbox,checkbox-none,http://localhost:5000/result#gzxu0r08,1185,467,1717,944,
2022-06-10 11:19:45.54 +0000 UTC,username,mouseup,INPUT,tag-checkbox,checkbox-none,http://localhost:5000/result#gzxu0r08,1185,467,1717,944,
2022-06-10 11:19:45.541 +0000 UTC,username,click,INPUT,tag-checkbox,checkbox-none,http://localhost:5000/result#gzxu0r08,1185,467,1717,944,
2022-06-10 11:19:45.843 +0000 UTC,username,mouseout,INPUT,tag-checkbox,checkbox-none,http://localhost:5000/result#gzxu0r08,1171,470,1717,944,
2022-06-10 11:19:45.866 +0000 UTC,username,mouseout,DIV,,searchbar-advanced-checkbox-id,http://localhost:5000/result#gzxu0r08,1165,470,1717,944,
2022-06-10 11:19:46.323 +0000 UTC,username,mouseout,LABEL,,,http://localhost:5000/result#gzxu0r08,1101,476,1717,944,
2022-06-10 11:19:46.543 +0000 UTC,username,mouseout,DIV,,searchbar-advanced-checkbox-id,http://localhost:5000/result#gzxu0r08,1097,475,1717,944,
2022-06-10 11:19:46.603 +0000 UTC,username,mousedown,INPUT,tag-checkbox,checkbox-none,http://localhost:5000/result#gzxu0r08,1097,475,1717,944,
2022-06-10 11:19:46.688 +0000 UTC,username,mouseup,INPUT,tag-checkbox,checkbox-none,http://localhost:5000/result#gzxu0r08,1096,475,1717,944,
2022-06-10 11:19:46.69 +0000 UTC,username,click,INPUT,tag-checkbox,checkbox-none,http://localhost:5000/result#gzxu0r08,1096,475,1717,944,
2022-06-10 11:19:47.013 +0000 UTC,username,mouseout,INPUT,tag-checkbox,checkbox-none,http://localhost:5000/result#gzxu0r08,1099,478,1717,944,
2022-06-10 11:19:47.083 +0000 UTC,username,mouseout,DIV,,searchbar-advanced-checkbox-id,http://localhost:5000/result#gzxu0r08,1111,490,1717,944,
2022-06-10 11:19:47.333 +0000 UTC,username,mousedown,BUTTON,submit-box-advanced,submit-box-advanced,http://localhost:5000/result#gzxu0r08,1122,501,1717,944,
2022-06-10 11:19:47.478 +0000 UTC,username,mouseup,BUTTON,submit-box-advanced,submit-box-advanced,http://localhost:5000/result#gzxu0r08,1122,501,1717,944,
2022-06-10 11:19:47.483 +0000 UTC,username,click,BUTTON,submit-box-advanced,submit-box-advanced,http://localhost:5000/result#gzxu0r08,1122,501,1717,944,
2022-06-10 11:19:47.483 +0000 UTC,username,submit,FORM,,search-bar-advanced,http://localhost:5000/result#gzxu0r08,0,0,1717,944,
2022-06-10 11:20:23.94 +0000 UTC,username,mouseout,BUTTON,submit-box-advanced,submit-box-advanced,http://localhost:5000/result,1123,461,1717,944,
2022-06-10 11:20:23.946 +0000 UTC,username,mouseout,LABEL,,,http://localhost:5000/result,1158,444,1717,944,
2022-06-10 11:20:23.982 +0000 UTC,username,mouseout,H6,,,http://localhost:5000/result,1189,428,1717,944,
2022-06-10 11:20:24.016 +0000 UTC,username,mouseout,DIV,,searchbar-advanced-radio-id,http://localhost:5000/result,1245,414,1717,944,
2022-06-10 11:20:24.026 +0000 UTC,username,mouseout,LABEL,,,http://localhost:5000/result,1279,412,1717,944,
2022-06-10 11:20:24.061 +0000 UTC,username,mouseout,DIV,,searchbar-advanced-radio-id,http://localhost:5000/result,1433,420,1717,944,
2022-06-10 11:20:24.106 +0000 UTC,username,mouseout,BODY,,,http://localhost:5000/result,1725,472,1717,944,
2022-06-10 11:20:24.314 +0000 UTC,username,mouseout,HTML,,,http://localhost:5000/result,1672,469,1717,944,
2022-06-10 11:20:24.432 +0000 UTC,username,mouseout,BODY,,,http://localhost:5000/result,1405,469,1717,944,
2022-06-10 11:20:24.443 +0000 UTC,username,mouseout,DIV,,,http://localhost:5000/result,1382,469,1717,944,
2022-06-10 11:20:24.5 +0000 UTC,username,mouseout,DIV,,searchbar-advanced-checkbox-id,http://localhost:5000/result,1223,469,1717,944,
2022-06-10 11:20:24.521 +0000 UTC,username,mouseout,LABEL,,,http://localhost:5000/result,1170,469,1717,944,
2022-06-10 11:20:24.533 +0000 UTC,username,mouseout,DIV,,searchbar-advanced-checkbox-id,http://localhost:5000/result,1154,469,1717,944,
2022-06-10 11:20:24.713 +0000 UTC,username,mouseout,LABEL,,,http://localhost:5000/result,1135,453,1717,944,
2022-06-10 11:20:24.735 +0000 UTC,username,mouseout,DIV,,searchbar-advanced-checkbox-id,http://localhost:5000/result,1137,445,1717,944,
2022-06-10 11:20:24.792 +0000 UTC,username,mouseout,H6,,,http://localhost:5000/result,1156,428,1717,944,
2022-06-10 11:20:24.961 +0000 UTC,username,mouseout,DIV,,searchbar-advanced-radio-id,http://localhost:5000/result,1191,419,1717,944,
2022-06-10 11:20:25.006 +0000 UTC,username,mouseout,LABEL,,,http://localhost:5000/result,1200,416,1717,944,
2022-06-10 11:20:25.107 +0000 UTC,username,mouseout,DIV,,searchbar-advanced-radio-id,http://localhost:5000/result,1205,413,1717,944,
2022-06-10 11:20:25.355 +0000 UTC,username,mousedown,INPUT,year-radio,radio-2020,http://localhost:5000/result,1209,410,1717,944,
2022-06-10 11:20:25.466 +0000 UTC,username,mouseup,INPUT,year-radio,radio-2020,http://localhost:5000/result,1209,410,1717,944,
2022-06-10 11:20:25.469 +0000 UTC,username,click,INPUT,year-radio,radio-2020,http://localhost:5000/result,1209,410,1717,944,
2022-06-10 11:20:25.614 +0000 UTC,username,mouseout,INPUT,year-radio,radio-2020,http://localhost:5000/result,1204,419,1717,944,
2022-06-10 11:20:25.635 +0000 UTC,username,mouseout,DIV,,searchbar-advanced-radio-id,http://localhost:5000/result,1197,435,1717,944,
2022-06-10 11:20:25.685 +0000 UTC,username,mouseout,H6,,,http://localhost:5000/result,1192,449,1717,944,
2022-06-10 11:20:26.205 +0000 UTC,username,mouseout,DIV,,searchbar-advanced-checkbox-id,http://localhost:5000/result,1182,462,1717,944,
2022-06-10 11:20:26.305 +0000 UTC,username,mousedown,INPUT,tag-checkbox,checkbox-none,http://localhost:5000/result,1180,465,1717,944,
2022-06-10 11:20:26.433 +0000 UTC,username,mouseup,INPUT,tag-checkbox,checkbox-none,http://localhost:5000/result,1180,465,1717,944,
2022-06-10 11:20:26.436 +0000 UTC,username,click,INPUT,tag-checkbox,checkbox-none,http://localhost:5000/result,1180,465,1717,944,
2022-06-10 11:20:26.569 +0000 UTC,username,mouseout,INPUT,tag-checkbox,checkbox-none,http://localhost:5000/result,1171,466,1717,944,
2022-06-10 11:20:26.582 +0000 UTC,username,mouseout,DIV,,searchbar-advanced-checkbox-id,http://localhost:5000/result,1165,466,1717,944,
2022-06-10 11:20:27.233 +0000 UTC,username,mouseout,LABEL,,,http://localhost:5000/result,1102,468,1717,944,
2022-06-10 11:20:27.402 +0000 UTC,username,mouseout,DIV,,searchbar-advanced-checkbox-id,http://localhost:5000/result,1097,470,1717,944,
2022-06-10 11:20:27.706 +0000 UTC,username,mousedown,INPUT,tag-checkbox,checkbox-none,http://localhost:5000/result,1091,472,1717,944,
2022-06-10 11:20:27.852 +0000 UTC,username,mouseup,INPUT,tag-checkbox,checkbox-none,http://localhost:5000/result,1091,472,1717,944,
2022-06-10 11:20:27.854 +0000 UTC,username,click,INPUT,tag-checkbox,checkbox-none,http://localhost:5000/result,1091,472,1717,944,
2022-06-10 11:20:28.145 +0000 UTC,username,mouseout,INPUT,tag-checkbox,checkbox-none,http://localhost:5000/result,1094,476,1717,944,
2022-06-10 11:20:28.202 +0000 UTC,username,mouseout,DIV,,searchbar-advanced-checkbox-id,http://localhost:5000/result,1103,490,1717,944,
2022-06-10 11:20:28.472 +0000 UTC,username,mousedown,BUTTON,submit-box-advanced,submit-box-advanced,http://localhost:5000/result,1109,494,1717,944,
2022-06-10 11:20:28.594 +0000 UTC,username,mouseup,BUTTON,submit-box-advanced,submit-box-advanced,http://localhost:5000/result,1109,494,1717,944,
2022-06-10 11:20:28.598 +0000 UTC,username,click,BUTTON,submit-box-advanced,submit-box-advanced,http://localhost:5000/result,1109,494,1717,944,
2022-06-10 11:20:28.598 +0000 UTC,username,submit,FORM,,search-bar-advanced,http://localhost:5000/result,0,0,1717,944,
2022-06-10 11:20:29.761 +0000 UTC,username,mouseout,BUTTON,submit-box-advanced,submit-box-advanced,http://localhost:5000/result,1077,482,1717,944,
2022-06-10 11:20:29.781 +0000 UTC,username,mouseout,DIV,,,http://localhost:5000/result,1029,464,1717,944,
2022-06-10 11:20:29.793 +0000 UTC,username,mouseout,ARTICLE,,result-2,http://localhost:5000/result,979,446,1717,944,
2022-06-10 11:20:29.807 +0000 UTC,username,mouseout,H2,,,http://localhost:5000/result,925,426,1717,944,
2022-06-10 11:20:29.814 +0000 UTC,username,mouseout,DIV,,,http://localhost:5000/result,871,404,1717,944,
2022-06-10 11:20:29.828 +0000 UTC,username,mouseout,ARTICLE,,result-1,http://localhost:5000/result,813,382,1717,944,
2022-06-10 11:20:29.835 +0000 UTC,username,mouseout,SMALL,,type-1_l,http://localhost:5000/result,757,360,1717,944,
2022-06-10 11:20:29.848 +0000 UTC,username,mouseout,DIV,,metadata-1_l,http://localhost:5000/result,705,342,1717,944,
2022-06-10 11:20:29.856 +0000 UTC,username,mouseout,DIV,,,http://localhost:5000/result,657,326,1717,944,
2022-06-10 11:20:29.941 +0000 UTC,username,mouseout,P,,,http://localhost:5000/result,440,237,1717,944,
2022-06-10 11:20:30.002 +0000 UTC,username,mouseout,SMALL,,,http://localhost:5000/result,421,216,1717,944,
2022-06-10 11:20:30.023 +0000 UTC,username,mouseout,DIV,,,http://localhost:5000/result,414,204,1717,944,
2022-06-10 11:20:30.3 +0000 UTC,username,mousedown,A,,title-1_l,http://localhost:5000/result,400,190,1717,944,
2022-06-10 11:20:30.383 +0000 UTC,username,mouseup,A,,title-1_l,http://localhost:5000/result,400,190,1717,944,
2022-06-10 11:20:30.389 +0000 UTC,username,click,A,,title-1_l,http://localhost:5000/result,400,190,1717,944,
2022-06-10 11:20:30.542 +0000 UTC,username,mouseout,A,,title-1_l,http://localhost:5000/result#nhjruvnd,424,232,1717,944,
2022-06-10 11:20:30.553 +0000 UTC,username,mouseout,SMALL,,,http://localhost:5000/result#nhjruvnd,438,260,1717,944,
2022-06-10 11:20:30.574 +0000 UTC,username,mouseout,P,,,http://localhost:5000/result#nhjruvnd,472,332,1717,944,
2022-06-10 11:20:30.586 +0000 UTC,username,mouseout,A,,bookmark-1_l,http://localhost:5000/result#nhjruvnd,490,368,1717,944,
2022-06-10 11:20:30.6 +0000 UTC,username,mouseout,DIV,,,http://localhost:5000/result#nhjruvnd,506,404,1717,944,
2022-06-10 11:20:30.61 +0000 UTC,username,mouseout,ARTICLE,,result-1,http://localhost:5000/result#nhjruvnd,516,430,1717,944,
2022-06-10 11:20:30.621 +0000 UTC,username,mouseout,ARTICLE,,result-2,http://localhost:5000/result#nhjruvnd,523,455,1717,944,
2022-06-10 11:20:30.642 +0000 UTC,username,mouseout,A,,title-2_l,http://localhost:5000/result#nhjruvnd,528,482,1717,944,
2022-06-10 11:20:30.653 +0000 UTC,username,mouseout,DIV,,,http://localhost:5000/result#nhjruvnd,529,489,1717,944,
2022-06-10 11:20:30.961 +0000 UTC,username,mouseout,SMALL,,,http://localhost:5000/result#nhjruvnd,519,486,1717,944,
2022-06-10 11:20:31.002 +0000 UTC,username,mouseout,DIV,,,http://localhost:5000/result#nhjruvnd,514,479,1717,944,
2022-06-10 11:20:31.024 +0000 UTC,username,mouseout,H2,,,http://localhost:5000/result#nhjruvnd,513,476,1717,944,
2022-06-10 11:20:31.321 +0000 UTC,username,mousedown,A,,title-2_l,http://localhost:5000/result#nhjruvnd,510,469,1717,944,
2022-06-10 11:20:31.452 +0000 UTC,username,mouseup,A,,title-2_l,http://localhost:5000/result#nhjruvnd,510,469,1717,944,
2022-06-10 11:20:31.454 +0000 UTC,username,click,A,,title-2_l,http://localhost:5000/result#nhjruvnd,510,469,1717,944,
2022-06-10 11:20:31.745 +0000 UTC,username,mouseout,A,,title-2_l,http://localhost:5000/result#jtr7wi6c,512,483,1717,944,
2022-06-10 11:20:31.765 +0000 UTC,username,mouseout,DIV,,,http://localhost:5000/result#jtr7wi6c,513,495,1717,944,
2022-06-10 11:20:31.768 +0000 UTC,username,mouseout,SMALL,,,http://localhost:5000/result#jtr7wi6c,516,510,1717,944,
2022-06-10 11:20:31.857 +0000 UTC,username,mouseout,P,,,http://localhost:5000/result#jtr7wi6c,523,608,1717,944,
2022-06-10 11:20:31.886 +0000 UTC,username,mouseout,DIV,,,http://localhost:5000/result#jtr7wi6c,522,620,1717,944,
2022-06-10 11:20:31.985 +0000 UTC,username,mouseout,DIV,,metadata-2_l,http://localhost:5000/result#jtr7wi6c,513,645,1717,944,
2022-06-10 11:20:32.044 +0000 UTC,username,mouseout,DIV,,,http://localhost:5000/result#jtr7wi6c,511,649,1717,944,
2022-06-10 11:20:32.146 +0000 UTC,username,mouseout,SMALL,,type-2_l,http://localhost:5000/result#jtr7wi6c,505,669,1717,944,
2022-06-10 11:20:32.171 +0000 UTC,username,mouseout,ARTICLE,,result-2,http://localhost:5000/result#jtr7wi6c,501,681,1717,944,
2022-06-10 11:20:32.23 +0000 UTC,username,mouseout,DIV,,,http://localhost:5000/result#jtr7wi6c,497,699,1717,944,
2022-06-10 11:20:32.434 +0000 UTC,username,mouseout,ARTICLE,,result-3,http://localhost:5000/result#jtr7wi6c,496,710,1717,944,
2022-06-10 11:20:32.453 +0000 UTC,username,mouseout,H2,,,http://localhost:5000/result#jtr7wi6c,496,715,1717,944,
2022-06-10 11:20:32.581 +0000 UTC,username,mousedown,A,,title-3_l,http://localhost:5000/result#jtr7wi6c,496,719,1717,944,
2022-06-10 11:20:32.681 +0000 UTC,username,mouseup,A,,title-3_l,http://localhost:5000/result#jtr7wi6c,496,719,1717,944,
2022-06-10 11:20:32.683 +0000 UTC,username,click,A,,title-3_l,http://localhost:5000/result#jtr7wi6c,496,719,1717,944,
2022-06-10 11:20:35.581 +0000 UTC,username,mouseout,A,,title-3_l,http://localhost:5000/result#dubxmtfv,534,710,1717,944,
2022-06-10 11:20:35.591 +0000 UTC,username,mouseout,H2,,,http://localhost:5000/result#dubxmtfv,570,706,1717,944,
2022-06-10 11:20:35.614 +0000 UTC,username,mouseout,ARTICLE,,result-3,http://localhost:5000/result#dubxmtfv,672,696,1717,944,
2022-06-10 11:20:35.67 +0000 UTC,username,mouseout,DIV,,,http://localhost:5000/result#dubxmtfv,892,678,1717,944,
2022-06-10 11:20:35.704 +0000 UTC,username,mouseout,ARTICLE,,result-2,http://localhost:5000/result#dubxmtfv,932,660,1717,944,
2022-06-10 11:20:35.71 +0000 UTC,username,mouseout,SMALL,,type-2_l,http://localhost:5000/result#dubxmtfv,964,631,1717,944,
2022-06-10 11:20:35.726 +0000 UTC,username,mouseout,SMALL,,date-2_l,http://localhost:5000/result#dubxmtfv,974,614,1717,944,
2022-06-10 11:20:35.742 +0000 UTC,username,mouseout,DIV,,,http://localhost:5000/result#dubxmtfv,981,598,1717,944,
2022-06-10 11:20:35.782 +0000 UTC,username,mouseout,P,,,http://localhost:5000/result#dubxmtfv,1015,513,1717,944,
2022-06-10 11:20:35.821 +0000 UTC,username,mouseout,ARTICLE,,result-2,http://localhost:5000/result#dubxmtfv,1007,472,1717,944,
2022-06-10 11:20:35.85 +0000 UTC,username,mouseout,H2,,,http://localhost:5000/result#dubxmtfv,964,438,1717,944,
2022-06-10 11:20:35.862 +0000 UTC,username,mouseout,ARTICLE,,result-2,http://localhost:5000/result#dubxmtfv,940,425,1717,944,
2022-06-10 11:20:35.885 +0000 UTC,username,mouseout,DIV,,,http://localhost:5000/result#dubxmtfv,882,403,1717,944,
2022-06-10 11:20:35.906 +0000 UTC,username,mouseout,ARTICLE,,result-1,http://localhost:5000/result#dubxmtfv,856,396,1717,944,
2022-06-10 11:20:36.03 +0000 UTC,username,mouseout,SMALL,,type-1_l,http://localhost:5000/result#dubxmtfv,818,378,1717,944,
2022-06-10 11:20:36.041 +0000 UTC,username,mouseout,DIV,,,http://localhost:5000/result#dubxmtfv,821,374,1717,944,
2022-06-10 11:20:36.122 +0000 UTC,username,mouseout,A,,author-1_l,http://localhost:5000/result#dubxmtfv,865,345,1717,944,
2022-06-10 11:20:36.126 +0000 UTC,username,mouseout,DIV,,,http://localhost:5000/result#dubxmtfv,909,327,1717,944,
2022-06-10 11:20:36.222 +0000 UTC,username,mouseout,P,,,http://localhost:5000/result#dubxmtfv,1014,241,1717,944,
2022-06-10 11:20:36.281 +0000 UTC,username,mouseout,ARTICLE,,result-1,http://localhost:5000/result#dubxmtfv,1036,191,1717,944,
2022-06-10 11:20:36.323 +0000 UTC,username,mouseout,DIV,,,http://localhost:5000/result#dubxmtfv,1051,147,1717,944,
2022-06-10 11:20:36.334 +0000 UTC,username,mouseout,DIV,,,http://localhost:5000/result#dubxmtfv,1068,115,1717,944,
2022-06-10 11:20:36.424 +0000 UTC,username,mouseout,DIV,,,http://localhost:5000/result#dubxmtfv,1092,78,1717,944,
2022-06-10 11:20:36.528 +0000 UTC,username,mouseout,HTML,,,http://localhost:5000/result#dubxmtfv,1094,48,1717,944,
2022-06-10 11:20:36.548 +0000 UTC,username,mouseout,NAV,,,http://localhost:5000/result#dubxmtfv,1094,41,1717,944,
2022-06-10 11:20:36.729 +0000 UTC,username,mousedown,INPUT,query,search-box,http://localhost:5000/result#dubxmtfv,1093,27,1717,944,
2022-06-10 11:20:36.83 +0000 UTC,username,mouseup,INPUT,query,search-box,http://localhost:5000/result#dubxmtfv,1093,27,1717,944,
2022-06-10 11:20:36.832 +0000 UTC,username,click,INPUT,query,search-box,http://localhost:5000/result#dubxmtfv,1093,27,1717,944,
2022-06-10 11:20:38.732 +0000 UTC,username,keydown,INPUT,query,search-box,http://localhost:5000/result#dubxmtfv,0,0,1717,944,KeyL
2022-06-10 11:20:38.802 +0000 UTC,username,keyup,INPUT,query,search-box,http://localhost:5000/result#dubxmtfv,0,0,1717,944,KeyL
2022-06-10 11:20:39.003 +0000 UTC,username,keydown,INPUT,query,search-box,http://localhost:5000/result#dubxmtfv,0,0,1717,944,KeyU
2022-06-10 11:20:39.062 +0000 UTC,username,keyup,INPUT,query,search-box,http://localhost:5000/result#dubxmtfv,0,0,1717,944,KeyU
2022-06-10 11:20:39.225 +0000 UTC,username,keydown,INPUT,query,search-box,http://localhost:5000/result#dubxmtfv,0,0,1717,944,KeyN
2022-06-10 11:20:39.282 +0000 UTC,username,keyup,INPUT,query,search-box,http://localhost:5000/result#dubxmtfv,0,0,1717,944,KeyN
2022-06-10 11:20:39.318 +0000 UTC,username,keydown,INPUT,query,search-box,http://localhost:5000/result#dubxmtfv,0,0,1717,944,KeyG
2022-06-10 11:20:39.393 +0000 UTC,username,keyup,INPUT,query,search-box,http://localhost:5000/result#dubxmtfv,0,0,1717,944,KeyG
2022-06-10 11:20:40.647 +0000 UTC,username,keydown,INPUT,query,search-box,http://localhost:5000/result#dubxmtfv,0,0,1717,944,Tab
2022-06-10 11:20:40.656 +0000 UTC,username,select,INPUT,rpp,rpp-box,http://localhost:5000/result#dubxmtfv,0,0,1717,944,
2022-06-10 11:20:40.689 +0000 UTC,username,keyup,INPUT,rpp,rpp-box,http://localhost:5000/result#dubxmtfv,0,0,1717,944,Tab
2022-06-10 11:20:41.517 +0000 UTC,username,keydown,INPUT,rpp,rpp-box,http://localhost:5000/result#dubxmtfv,0,0,1717,944,Digit1
2022-06-10 11:20:41.589 +0000 UTC,username,keyup,INPUT,rpp,rpp-box,http://localhost:5000/result#dubxmtfv,0,0,1717,944,Digit1
2022-06-10 11:20:41.918 +0000 UTC,username,keydown,INPUT,rpp,rpp-box,http://localhost:5000/result#dubxmtfv,0,0,1717,944,Digit1
2022-06-10 11:20:42.005 +0000 UTC,username,keyup,INPUT,rpp,rpp-box,http://localhost:5000/result#dubxmtfv,0,0,1717,944,Digit1
2022-06-10 11:20:42.431 +0000 UTC,username,keydown,INPUT,rpp,rpp-box,http://localhost:5000/result#dubxmtfv,0,0,1717,944,Enter
2022-06-10 11:20:42.438 +0000 UTC,username,click,BUTTON,submit-box,submit-box,http://localhost:5000/result#dubxmtfv,0,0,1717,944,
2022-06-10 11:20:42.439 +0000 UTC,username,submit,FORM,,search-bar,http://localhost:5000/result#dubxmtfv,0,0,1717,944,
2022-06-10 11:20:43.994 +0000 UTC,username,mouseout,INPUT,query,search-box,http://localhost:5000/result,1174,168,1717,944,
2022-06-10 11:20:44.053 +0000 UTC,username,mouseout,B,,,http://localhost:5000/result,1179,183,1717,944,
2022-06-10 11:20:44.086 +0000 UTC,username,mouseout,P,,,http://localhost:5000/result,1131,212,1717,944,
2022-06-10 11:20:44.124 +0000 UTC,username,mouseout,DIV,,,http://localhost:5000/result,1055,252,1717,944,
2022-06-10 11:20:44.126 +0000 UTC,username,mouseout,DIV,,,http://localhost:5000/result,1005,272,1717,944,
2022-06-10 11:20:44.166 +0000 UTC,username,mouseout,P,,,http://localhost:5000/result,795,336,1717,944,
2022-06-10 11:20:44.175 +0000 UTC,username,mouseout,DIV,,,http://localhost:5000/result,761,350,1717,944,
2022-06-10 11:20:44.231 +0000 UTC,username,mouseout,DIV,,metadata-1_l,http://localhost:5000/result,691,379,1717,944,
2022-06-10 11:20:44.246 +0000 UTC,username,mouseout,DIV,,,http://localhost:5000/result,681,384,1717,944,
2022-06-10 11:20:44.31 +0000 UTC,username,mouseout,SMALL,,type-1_l,http://localhost:5000/result,543,375,1717,944,
2022-06-10 11:20:44.326 +0000 UTC,username,mouseout,DIV,,metadata-1_l,http://localhost:5000/result,493,361,1717,944,
2022-06-10 11:20:44.346 +0000 UTC,username,mouseout,DIV,,,http://localhost:5000/result,389,331,1717,944,
2022-06-10 11:20:44.367 +0000 UTC,username,mouseout,A,,inspect-1_l,http://localhost:5000/result,319,305,1717,944,
2022-06-10 11:20:44.395 +0000 UTC,username,mouseout,ARTICLE,,result-1,http://localhost:5000/result,301,295,1717,944,
2022-06-10 11:20:44.434 +0000 UTC,username,mouseout,DIV,,,http://localhost:5000/result,304,292,1717,944,
2022-06-10 11:20:44.494 +0000 UTC,username,mouseout,ARTICLE,,result-1,http://localhost:5000/result,338,280,1717,944,
2022-06-10 11:20:44.515 +0000 UTC,username,mouseout,P,,,http://localhost:5000/result,392,257,1717,944,
2022-06-10 11:20:44.574 +0000 UTC,username,mouseout,B,,,http://localhost:5000/result,412,233,1717,944,
2022-06-10 11:20:44.694 +0000 UTC,username,mouseout,SMALL,,,http://localhost:5000/result,418,218,1717,944,
2022-06-10 11:20:44.727 +0000 UTC,username,mouseout,DIV,,,http://localhost:5000/result,426,209,1717,944,
2022-06-10 11:20:44.943 +0000 UTC,username,mousedown,A,,title-1_l,http://localhost:5000/result,443,190,1717,944,
2022-06-10 11:20:45.03 +0000 UTC,username,mouseup,A,,title-1_l,http://localhost:5000/result,443,190,1717,944,
2022-06-10 11:20:45.035 +0000 UTC,username,click,A,,title-1_l,http://localhost:5000/result,443,190,1717,944,
2022-06-10 11:20:45.125 +0000 UTC,username,mouseout,A,,title-1_l,http://localhost:5000/result#t0vgpaj8,419,237,1717,944,
2022-06-10 11:20:45.145 +0000 UTC,username,mouseout,SMALL,,,http://localhost:5000/result#t0vgpaj8,408,254,1717,944,
2022-06-10 11:20:45.154 +0000 UTC,username,mouseout,B,,,http://localhost:5000/result#t0vgpaj8,400,267,1717,944,
2022-06-10 11:20:45.204 +0000 UTC,username,mouseout,P,,,http://localhost:5000/result#t0vgpaj8,366,314,1717,944,
2022-06-10 11:20:45.368 +0000 UTC,username,mouseout,A,,inspect-1_l,http://localhost:5000/result#t0vgpaj8,361,342,1717,944,
2022-06-10 11:20:45.774 +0000 UTC,username,mousedown,DIV,,,http://localhost:5000/result#t0vgpaj8,364,334,1717,944,
2022-06-10 11:20:45.885 +0000 UTC,username,mouseup,DIV,,,http://localhost:5000/result#t0vgpaj8,364,334,1717,944,
2022-06-10 11:20:45.889 +0000 UTC,username,click,DIV,,,http://localhost:5000/result#t0vgpaj8,364,334,1717,944,
2022-06-10 11:20:45.922 +0000 UTC,username,mouseout,DIV,,,http://localhost:5000/result#t0vgpaj8,364,333,1717,944,
2022-06-10 11:20:46.044 +0000 UTC,username,mousedown,A,,inspect-1_l,http://localhost:5000/result#t0vgpaj8,366,324,1717,944,
2022-06-10 11:20:46.144 +0000 UTC,username,mouseup,A,,inspect-1_l,http://localhost:5000/result#t0vgpaj8,366,323,1717,944,
2022-06-10 11:20:46.147 +0000 UTC,username,click,A,,inspect-1_l,http://localhost:5000/result#t0vgpaj8,366,323,1717,944,
2022-06-10 11:20:46.29 +0000 UTC,username,mouseout,A,,inspect-1_l,http://localhost:5000/result#,421,321,1717,944,
2022-06-10 11:20:46.303 +0000 UTC,username,mouseout,P,,,http://localhost:5000/result#,428,321,1717,944,
2022-06-10 11:20:46.507 +0000 UTC,username,mousedown,A,,bookmark-1_l,http://localhost:5000/result#,433,321,1717,944,
2022-06-10 11:20:46.594 +0000 UTC,username,mouseup,A,,bookmark-1_l,http://localhost:5000/result#,433,321,1717,944,
2022-06-10 11:20:46.594 +0000 UTC,username,click,A,,bookmark-1_l,http://localhost:5000/result#,433,321,1717,944,
2022-06-10 11:20:46.687 +0000 UTC,username,mouseout,A,,bookmark-1_l,http://localhost:5000/result#,428,340,1717,944,
2022-06-10 11:20:46.726 +0000 UTC,username,mouseout,DIV,,,http://localhost:5000/result#,427,354,1717,944,
2022-06-10 11:20:46.866 +0000 UTC,username,mousedown,A,,tag2-1_l,http://localhost:5000/result#,425,363,1717,944,
2022-06-10 11:20:46.977 +0000 UTC,username,mouseup,A,,tag2-1_l,http://localhost:5000/result#,425,363,1717,944,
2022-06-10 11:20:46.979 +0000 UTC,username,click,A,,tag2-1_l,http://localhost:5000/result#,425,363,1717,944,
2022-06-10 11:20:47.085 +0000 UTC,username,mouseout,A,,tag2-1_l,http://localhost:5000/result#,412,363,1717,944,
2022-06-10 11:20:47.129 +0000 UTC,username,mouseout,DIV,,,http://localhost:5000/result#,396,363,1717,944,
2022-06-10 11:20:47.417 +0000 UTC,username,mousedown,A,,tag1-1_l,http://localhost:5000/result#,384,365,1717,944,
2022-06-10 11:20:47.514 +0000 UTC,username,mouseup,A,,tag1-1_l,http://localhost:5000/result#,384,365,1717,944,
2022-06-10 11:20:47.517 +0000 UTC,username,click,A,,tag1-1_l,http://localhost:5000/result#,384,365,1717,944,
2022-06-10 11:20:47.574 +0000 UTC,username,mouseout,A,,tag1-1_l,http://localhost:5000/result#,401,368,1717,944,
2022-06-10 11:20:47.585 +0000 UTC,username,mouseout,DIV,,,http://localhost:5000/result#,446,368,1717,944,
2022-06-10 11:20:47.591 +0000 UTC,username,mouseout,A,,tag2-1_l,http://localhost:5000/result#,488,368,1717,944,
2022-06-10 11:20:47.602 +0000 UTC,username,mouseout,DIV,,,http://localhost:5000/result#,536,368,1717,944,
2022-06-10 11:20:47.674 +0000 UTC,username,mouseout,DIV,,metadata-1_l,http://localhost:5000/result#,822,368,1717,944,
2022-06-10 11:20:47.802 +0000 UTC,username,mouseout,A,,author-1_l,http://localhost:5000/result#,884,376,1717,944,
2022-06-10 11:20:47.823 +0000 UTC,username,mouseout,DIV,,,http://localhost:5000/result#,894,380,1717,944,
2022-06-10 11:20:47.957 +0000 UTC,username,mousedown,SMALL,,type-1_l,http://localhost:5000/result#,895,380,1717,944,
2022-06-10 11:20:48.045 +0000 UTC,username,mouseup,SMALL,,type-1_l,http://localhost:5000/result#,895,380,1717,944,
2022-06-10 11:20:48.046 +0000 UTC,username,click,SMALL,,type-1_l,http://localhost:5000/result#,895,380,1717,944,
2022-06-10 11:20:48.103 +0000 UTC,username,mouseout,SMALL,,type-1_l,http://localhost:5000/result#,894,378,1717,944,
2022-06-10 11:20:48.125 +0000 UTC,username,mouseout,DIV,,,http://localhost:5000/result#,891,375,1717,944,
2022-06-10 11:20:48.17 +0000 UTC,username,mouseout,DIV,,metadata-1_l,http://localhost:5000/result#,889,373,1717,944,
2022-06-10 11:20:48.271 +0000 UTC,username,mousedown,A,,author-1_l,http://localhost:5000/result#,886,369,1717,944,
2022-06-10 11:20:48.384 +0000 UTC,username,mouseup,A,,author-1_l,http://localhost:5000/result#,886,369,1717,944,
2022-06-10 11:20:48.386 +0000 UTC,username,click,A,,author-1_l,http://localhost:5000/result#,886,369,1717,944,
2022-06-10 11:20:48.498 +0000 UTC,username,mouseout,A,,author-1_l,http://localhost:5000/result#,886,376,1717,944,
2022-06-10 11:20:48.506 +0000 UTC,username,mouseout,DIV,,,http://localhost:5000/result#,887,383,1717,944,
2022-06-10 11:20:48.53 +0000 UTC,username,mouseout,SMALL,,type-1_l,http://localhost:5000/result#,892,419,1717,944,
2022-06-10 11:20:48.543 +0000 UTC,username,mouseout,DIV,,,http://localhost:5000/result#,892,446,1717,944,
2022-06-10 11:20:48.563 +0000 UTC,username,mouseout,H2,,,http://localhost:5000/result#,892,513,1717,944,
2022-06-10 11:20:48.596 +0000 UTC,username,mouseout,P,,,http://localhost:5000/result#,886,617,1717,944,
2022-06-10 11:20:48.623 +0000 UTC,username,mouseout,DIV,,,http://localhost:5000/result#,876,668,1717,944,
2022-06-10 11:20:48.63 +0000 UTC,username,mouseout,ARTICLE,,result-2,http://localhost:5000/result#,873,682,1717,944,
2022-06-10 11:20:48.902 +0000 UTC,username,mouseout,DIV,,,http://localhost:5000/result#,867,674,1717,944,
2022-06-10 11:20:48.922 +0000 UTC,username,mouseout,ARTICLE,,result-2,http://localhost:5000/result#,867,666,1717,944,
2022-06-10 11:20:49.047 +0000 UTC,username,mouseout,SMALL,,type-2_l,http://localhost:5000/result#,868,647,1717,944,
2022-06-10 11:20:49.07 +0000 UTC,username,mouseout,DIV,,,http://localhost:5000/result#,868,644,1717,944,
2022-06-10 11:20:49.125 +0000 UTC,username,mouseout,DIV,,metadata-2_l,http://localhost:5000/result#,868,643,1717,944,
2022-06-10 11:20:49.284 +0000 UTC,username,mousedown,A,,author-2_l,http://localhost:5000/result#,868,638,1717,944,
2022-06-10 11:20:49.409 +0000 UTC,username,mouseup,A,,author-2_l,http://localhost:5000/result#,868,638,1717,944,
2022-06-10 11:20:49.414 +0000 UTC,username,click,A,,author-2_l,http://localhost:5000/result#,868,638,1717,944,
2022-06-10 11:20:49.549 +0000 UTC,username,mouseout,A,,author-2_l,http://localhost:5000/result#,793,637,1717,944,
2022-06-10 11:20:49.645 +0000 UTC,username,mouseout,DIV,,metadata-2_l,http://localhost:5000/result#,469,627,1717,944,
2022-06-10 11:20:49.689 +0000 UTC,username,mouseout,A,,tag2-2_l,http://localhost:5000/result#,414,624,1717,944,
2022-06-10 11:20:49.757 +0000 UTC,username,mouseout,DIV,,,http://localhost:5000/result#,392,624,1717,944,
2022-06-10 11:20:50.006 +0000 UTC,username,mouseout,A,,tag1-2_l,http://localhost:5000/result#,398,624,1717,944,
2022-06-10 11:20:50.087 +0000 UTC,username,mouseout,DIV,,,http://localhost:5000/result#,417,631,1717,944,
2022-06-10 11:20:50.226 +0000 UTC,username,mousedown,A,,tag2-2_l,http://localhost:5000/result#,426,634,1717,944,
2022-06-10 11:20:50.352 +0000 UTC,username,mouseup,A,,tag2-2_l,http://localhost:5000/result#,426,634,1717,944,
2022-06-10 11:20:50.355 +0000 UTC,username,click,A,,tag2-2_l,http://localhost:5000/result#,426,634,1717,944,
2022-06-10 11:20:50.477 +0000 UTC,username,mouseout,A,,tag2-2_l,http://localhost:5000/result#,402,634,1717,944,
2022-06-10 11:20:50.498 +0000 UTC,username,mouseout,DIV,,,http://localhost:5000/result#,398,634,1717,944,
2022-06-10 11:20:50.623 +0000 UTC,username,mousedown,A,,tag1-2_l,http://localhost:5000/result#,378,634,1717,944,
2022-06-10 11:20:50.736 +0000 UTC,username,mouseup,A,,tag1-2_l,http://localhost:5000/result#,377,634,1717,944,
2022-06-10 11:20:50.737 +0000 UTC,username,click,A,,tag1-2_l,http://localhost:5000/result#,377,634,1717,944,
2022-06-10 11:20:50.869 +0000 UTC,username,mouseout,A,,tag1-2_l,http://localhost:5000/result#,412,624,1717,944,
2022-06-10 11:20:50.904 +0000 UTC,username,mouseout,DIV,,,http://localhost:5000/result#,542,592,1717,944,
2022-06-10 11:20:50.983 +0000 UTC,username,mouseout,P,,,http://localhost:5000/result#,970,506,1717,944,
2022-06-10 11:20:51.005 +0000 UTC,username,mouseout,SMALL,,,http://localhost:5000/result#,1046,502,1717,944,
2022-06-10 11:20:51.016 +0000 UTC,username,mouseout,DIV,,,http://localhost:5000/result#,1074,502,1717,944,
2022-06-10 11:20:51.027 +0000 UTC,username,mouseout,DIV,,,http://localhost:5000/result#,1087,504,1717,944,
2022-06-10 11:20:51.174 +0000 UTC,username,mouseout,BUTTON,submit-box-advanced,submit-box-advanced,http://localhost:5000/result#,1099,532,1717,944,
2022-06-10 11:20:51.222 +0000 UTC,username,mouseout,DIV,,,http://localhost:5000/result#,1110,564,1717,944,
2022-06-10 11:20:51.265 +0000 UTC,username,mouseout,H5,,,http://localhost:5000/result#,1126,588,1717,944,
2022-06-10 11:20:51.272 +0000 UTC,username,mouseout,DIV,,,http://localhost:5000/result#,1132,596,1717,944,
2022-06-10 11:20:51.634 +0000 UTC,username,mouseout,LI,,,http://localhost:5000/result#,1146,643,1717,944,
2022-06-10 11:20:51.762 +0000 UTC,username,mouseout,LI,,,http://localhost:5000/result#,1210,668,1717,944,
2022-06-10 11:20:52.688 +0000 UTC,username,mousedown,A,,stella-ext,http://localhost:5000/result#,1212,668,1717,944,
2022-06-10 11:20:52.868 +0000 UTC,username,mouseup,A,,stella-ext,http://localhost:5000/result#,1212,668,1717,944,
2022-06-10 11:20:52.869 +0000 UTC,username,click,A,,stella-ext,http://localhost:5000/result#,1212,668,1717,944,
